{"/Users/ivanprotska/Documents/Apps/fullstack-javascript-project-46/src/gendiff.js": {"path":"/Users/ivanprotska/Documents/Apps/fullstack-javascript-project-46/src/gendiff.js","all":false,"statementMap":{"0":{"start":{"line":1,"column":0},"end":{"line":1,"column":20}},"1":{"start":{"line":2,"column":0},"end":{"line":2,"column":0}},"2":{"start":{"line":3,"column":0},"end":{"line":3,"column":28}},"3":{"start":{"line":4,"column":0},"end":{"line":4,"column":51}},"4":{"start":{"line":5,"column":0},"end":{"line":5,"column":18}},"5":{"start":{"line":6,"column":0},"end":{"line":6,"column":31}},"6":{"start":{"line":7,"column":0},"end":{"line":7,"column":9}},"7":{"start":{"line":8,"column":0},"end":{"line":8,"column":7}},"8":{"start":{"line":9,"column":0},"end":{"line":9,"column":2}},"9":{"start":{"line":10,"column":0},"end":{"line":10,"column":41}},"10":{"start":{"line":11,"column":0},"end":{"line":11,"column":28}},"11":{"start":{"line":12,"column":0},"end":{"line":12,"column":2}},"12":{"start":{"line":13,"column":0},"end":{"line":13,"column":55}},"13":{"start":{"line":14,"column":0},"end":{"line":14,"column":22}},"14":{"start":{"line":15,"column":0},"end":{"line":15,"column":0}},"15":{"start":{"line":16,"column":0},"end":{"line":16,"column":59}},"16":{"start":{"line":17,"column":0},"end":{"line":17,"column":81}},"17":{"start":{"line":18,"column":0},"end":{"line":18,"column":49}},"18":{"start":{"line":19,"column":0},"end":{"line":19,"column":52}},"19":{"start":{"line":20,"column":0},"end":{"line":20,"column":49}},"20":{"start":{"line":21,"column":0},"end":{"line":21,"column":88}},"21":{"start":{"line":22,"column":0},"end":{"line":22,"column":49}},"22":{"start":{"line":23,"column":0},"end":{"line":23,"column":58}},"23":{"start":{"line":24,"column":0},"end":{"line":24,"column":9}},"24":{"start":{"line":25,"column":0},"end":{"line":25,"column":5}},"25":{"start":{"line":26,"column":0},"end":{"line":26,"column":59}},"26":{"start":{"line":27,"column":0},"end":{"line":27,"column":45}},"27":{"start":{"line":28,"column":0},"end":{"line":28,"column":49}},"28":{"start":{"line":29,"column":0},"end":{"line":29,"column":9}},"29":{"start":{"line":30,"column":0},"end":{"line":30,"column":5}},"30":{"start":{"line":31,"column":0},"end":{"line":31,"column":27}},"31":{"start":{"line":32,"column":0},"end":{"line":32,"column":2}},"32":{"start":{"line":33,"column":0},"end":{"line":33,"column":52}},"33":{"start":{"line":34,"column":0},"end":{"line":34,"column":0}},"34":{"start":{"line":35,"column":0},"end":{"line":35,"column":52}},"35":{"start":{"line":36,"column":0},"end":{"line":36,"column":67}},"36":{"start":{"line":37,"column":0},"end":{"line":37,"column":67}},"37":{"start":{"line":38,"column":0},"end":{"line":38,"column":69}},"38":{"start":{"line":39,"column":0},"end":{"line":39,"column":18}},"39":{"start":{"line":40,"column":0},"end":{"line":40,"column":2}},"40":{"start":{"line":41,"column":0},"end":{"line":41,"column":0}},"41":{"start":{"line":42,"column":0},"end":{"line":42,"column":67}},"42":{"start":{"line":43,"column":0},"end":{"line":43,"column":15}},"43":{"start":{"line":44,"column":0},"end":{"line":44,"column":82}},"44":{"start":{"line":45,"column":0},"end":{"line":45,"column":84}},"45":{"start":{"line":46,"column":0},"end":{"line":46,"column":28}},"46":{"start":{"line":47,"column":0},"end":{"line":47,"column":56}},"47":{"start":{"line":48,"column":0},"end":{"line":48,"column":37}},"48":{"start":{"line":49,"column":0},"end":{"line":49,"column":55}},"49":{"start":{"line":50,"column":0},"end":{"line":50,"column":5}},"50":{"start":{"line":51,"column":0},"end":{"line":51,"column":0}},"51":{"start":{"line":52,"column":0},"end":{"line":52,"column":24}},"52":{"start":{"line":53,"column":0},"end":{"line":53,"column":18}},"53":{"start":{"line":54,"column":0},"end":{"line":54,"column":2}},"54":{"start":{"line":55,"column":0},"end":{"line":55,"column":23}}},"s":{"0":1,"1":1,"2":1,"3":0,"4":0,"5":0,"6":0,"7":0,"8":0,"9":1,"10":0,"11":0,"12":1,"13":2,"14":2,"15":2,"16":8,"17":2,"18":8,"19":4,"20":6,"21":2,"22":2,"23":2,"24":8,"25":2,"26":6,"27":2,"28":2,"29":6,"30":2,"31":2,"32":1,"33":1,"34":1,"35":0,"36":0,"37":0,"38":0,"39":0,"40":1,"41":1,"42":2,"43":2,"44":2,"45":2,"46":0,"47":2,"48":2,"49":2,"50":2,"51":2,"52":2,"53":2,"54":1},"branchMap":{"0":{"type":"branch","line":13,"loc":{"start":{"line":13,"column":28},"end":{"line":32,"column":2}},"locations":[{"start":{"line":13,"column":28},"end":{"line":32,"column":2}}]},"1":{"type":"branch","line":16,"loc":{"start":{"line":16,"column":58},"end":{"line":25,"column":5}},"locations":[{"start":{"line":16,"column":58},"end":{"line":25,"column":5}}]},"2":{"type":"branch","line":17,"loc":{"start":{"line":17,"column":41},"end":{"line":17,"column":78}},"locations":[{"start":{"line":17,"column":41},"end":{"line":17,"column":78}}]},"3":{"type":"branch","line":17,"loc":{"start":{"line":17,"column":80},"end":{"line":19,"column":9}},"locations":[{"start":{"line":17,"column":80},"end":{"line":19,"column":9}}]},"4":{"type":"branch","line":19,"loc":{"start":{"line":19,"column":9},"end":{"line":24,"column":9}},"locations":[{"start":{"line":19,"column":9},"end":{"line":24,"column":9}}]},"5":{"type":"branch","line":19,"loc":{"start":{"line":19,"column":51},"end":{"line":21,"column":9}},"locations":[{"start":{"line":19,"column":51},"end":{"line":21,"column":9}}]},"6":{"type":"branch","line":21,"loc":{"start":{"line":21,"column":9},"end":{"line":24,"column":9}},"locations":[{"start":{"line":21,"column":9},"end":{"line":24,"column":9}}]},"7":{"type":"branch","line":26,"loc":{"start":{"line":26,"column":58},"end":{"line":30,"column":5}},"locations":[{"start":{"line":26,"column":58},"end":{"line":30,"column":5}}]},"8":{"type":"branch","line":27,"loc":{"start":{"line":27,"column":44},"end":{"line":29,"column":9}},"locations":[{"start":{"line":27,"column":44},"end":{"line":29,"column":9}}]},"9":{"type":"branch","line":42,"loc":{"start":{"line":42,"column":16},"end":{"line":54,"column":2}},"locations":[{"start":{"line":42,"column":16},"end":{"line":54,"column":2}}]},"10":{"type":"branch","line":44,"loc":{"start":{"line":44,"column":49},"end":{"line":44,"column":81}},"locations":[{"start":{"line":44,"column":49},"end":{"line":44,"column":81}}]},"11":{"type":"branch","line":46,"loc":{"start":{"line":46,"column":27},"end":{"line":48,"column":5}},"locations":[{"start":{"line":46,"column":27},"end":{"line":48,"column":5}}]}},"b":{"0":[2],"1":[8],"2":[4],"3":[2],"4":[6],"5":[4],"6":[2],"7":[6],"8":[2],"9":[2],"10":[0],"11":[0]},"fnMap":{"0":{"name":"readFile","decl":{"start":{"line":3,"column":18},"end":{"line":9,"column":2}},"loc":{"start":{"line":3,"column":18},"end":{"line":9,"column":2}},"line":3},"1":{"name":"getObjectFromJSONFile","decl":{"start":{"line":10,"column":31},"end":{"line":12,"column":2}},"loc":{"start":{"line":10,"column":31},"end":{"line":12,"column":2}},"line":10},"2":{"name":"gendiffFromAnObject","decl":{"start":{"line":13,"column":28},"end":{"line":32,"column":2}},"loc":{"start":{"line":13,"column":28},"end":{"line":32,"column":2}},"line":13},"3":{"name":"gendiffFromAfilePath","decl":{"start":{"line":35,"column":29},"end":{"line":40,"column":2}},"loc":{"start":{"line":35,"column":29},"end":{"line":40,"column":2}},"line":35},"4":{"name":"genDiff","decl":{"start":{"line":42,"column":16},"end":{"line":54,"column":2}},"loc":{"start":{"line":42,"column":16},"end":{"line":54,"column":2}},"line":42}},"f":{"0":0,"1":0,"2":2,"3":0,"4":2}}
}
