TN:
SF:src/gendiff.js
FN:3,readFile
FN:10,getObjectFromJSONFile
FN:13,gendiffFromAnObject
FN:35,gendiffFromAfilePath
FN:42,genDiff
FNF:5
FNH:2
FNDA:0,readFile
FNDA:0,getObjectFromJSONFile
FNDA:2,gendiffFromAnObject
FNDA:0,gendiffFromAfilePath
FNDA:2,genDiff
DA:1,1
DA:2,1
DA:3,1
DA:4,0
DA:5,0
DA:6,0
DA:7,0
DA:8,0
DA:9,0
DA:10,1
DA:11,0
DA:12,0
DA:13,1
DA:14,2
DA:15,2
DA:16,2
DA:17,8
DA:18,2
DA:19,8
DA:20,4
DA:21,6
DA:22,2
DA:23,2
DA:24,2
DA:25,8
DA:26,2
DA:27,6
DA:28,2
DA:29,2
DA:30,6
DA:31,2
DA:32,2
DA:33,1
DA:34,1
DA:35,1
DA:36,0
DA:37,0
DA:38,0
DA:39,0
DA:40,0
DA:41,1
DA:42,1
DA:43,2
DA:44,2
DA:45,2
DA:46,2
DA:47,0
DA:48,2
DA:49,2
DA:50,2
DA:51,2
DA:52,2
DA:53,2
DA:54,2
DA:55,1
LF:55
LH:41
BRDA:13,0,0,2
BRDA:16,1,0,8
BRDA:17,2,0,4
BRDA:17,3,0,2
BRDA:19,4,0,6
BRDA:19,5,0,4
BRDA:21,6,0,2
BRDA:26,7,0,6
BRDA:27,8,0,2
BRDA:42,9,0,2
BRDA:44,10,0,0
BRDA:46,11,0,0
BRF:12
BRH:10
end_of_record
